Build started 5/17/2016 8:38:23 AM.
     1>Project "E:\hungry\prob1.1\prob1.1\prob1.1.vcxproj" on node 2 (build target(s)).
     1>InitializeBuildStatus:
         Touching "Debug\prob1.1.unsuccessfulbuild".
       ClCompile:
         All outputs are up-to-date.
         C:\Program Files (x86)\Microsoft Visual Studio 10.0\VC\bin\CL.exe /c /ZI /nologo /W3 /WX- /Od /Oy- /D WIN32 /D _DEBUG /D _CONSOLE /D _UNICODE /D UNICODE /Gm /EHsc /RTC1 /MDd /GS /fp:precise /Zc:wchar_t /Zc:forScope /Yu"StdAfx.h" /Fp"Debug\prob1.1.pch" /Fo"Debug\\" /Fd"Debug\vc100.pdb" /Gd /TP /analyze- /errorReport:prompt permutations.cpp
         permutations.cpp
     1>e:\hungry\prob1.1\prob1.1\permutations.cpp(10): warning C4996: 'getch': The POSIX name for this item is deprecated. Instead, use the ISO C++ conformant name: _getch. See online help for details.
                 c:\program files (x86)\microsoft visual studio 10.0\vc\include\conio.h(128) : see declaration of 'getch'
       ManifestResourceCompile:
         All outputs are up-to-date.
       Link:
         C:\Program Files (x86)\Microsoft Visual Studio 10.0\VC\bin\link.exe /ERRORREPORT:PROMPT /OUT:"E:\hungry\prob1.1\Debug\prob1.1.exe" /INCREMENTAL /NOLOGO kernel32.lib user32.lib gdi32.lib winspool.lib comdlg32.lib advapi32.lib shell32.lib ole32.lib oleaut32.lib uuid.lib odbc32.lib odbccp32.lib /MANIFEST /ManifestFile:"Debug\prob1.1.exe.intermediate.manifest" /MANIFESTUAC:"level='asInvoker' uiAccess='false'" /DEBUG /PDB:"E:\hungry\prob1.1\Debug\prob1.1.pdb" /SUBSYSTEM:CONSOLE /TLBID:1 /DYNAMICBASE /NXCOMPAT /IMPLIB:"E:\hungry\prob1.1\Debug\prob1.1.lib" /MACHINE:X86 Debug\prob1.1.exe.embed.manifest.res
         Debug\permutations.obj
         Debug\stdafx.obj
       Manifest:
         C:\Program Files (x86)\Microsoft SDKs\Windows\v7.0A\bin\mt.exe /nologo /verbose /out:"Debug\prob1.1.exe.embed.manifest" /manifest Debug\prob1.1.exe.intermediate.manifest
         All outputs are up-to-date.
       LinkEmbedManifest:
         All outputs are up-to-date.
         prob1.1.vcxproj -> E:\hungry\prob1.1\Debug\prob1.1.exe
       FinalizeBuildStatus:
         Deleting file "Debug\prob1.1.unsuccessfulbuild".
         Touching "Debug\prob1.1.lastbuildstate".
     1>Done Building Project "E:\hungry\prob1.1\prob1.1\prob1.1.vcxproj" (build target(s)).

Build succeeded.

Time Elapsed 00:00:00.71
